<?xml version="1.0" encoding="UTF-8"?>
<testsuite xmlns:xsi="http://www.w3.org/2001/XMLSchema-instance" xsi:noNamespaceSchemaLocation="https://maven.apache.org/surefire/maven-surefire-plugin/xsd/surefire-test-report.xsd" name="com.ecomplish.user_service.service.UserServiceTest" time="0.499" tests="19" errors="0" skipped="0" failures="0">
  <properties>
    <property name="java.specification.version" value="21"/>
    <property name="sonar.login" value="b2b71c2f6a3b1755139c8dc0a99c2fba078852ea"/>
    <property name="sun.jnu.encoding" value="UTF-8"/>
    <property name="java.class.path" value="/Users/aramis/Documents/University/Advanced Software Engineering/user_service/target/test-classes:/Users/aramis/Documents/University/Advanced Software Engineering/user_service/target/classes:/Users/aramis/.m2/repository/org/springframework/boot/spring-boot-starter/2.5.8/spring-boot-starter-2.5.8.jar:/Users/aramis/.m2/repository/org/springframework/boot/spring-boot/2.5.8/spring-boot-2.5.8.jar:/Users/aramis/.m2/repository/org/springframework/spring-context/5.3.14/spring-context-5.3.14.jar:/Users/aramis/.m2/repository/org/springframework/boot/spring-boot-autoconfigure/2.5.8/spring-boot-autoconfigure-2.5.8.jar:/Users/aramis/.m2/repository/org/springframework/boot/spring-boot-starter-logging/2.5.8/spring-boot-starter-logging-2.5.8.jar:/Users/aramis/.m2/repository/ch/qos/logback/logback-classic/1.2.9/logback-classic-1.2.9.jar:/Users/aramis/.m2/repository/ch/qos/logback/logback-core/1.2.9/logback-core-1.2.9.jar:/Users/aramis/.m2/repository/org/apache/logging/log4j/log4j-to-slf4j/2.17.0/log4j-to-slf4j-2.17.0.jar:/Users/aramis/.m2/repository/org/apache/logging/log4j/log4j-api/2.17.0/log4j-api-2.17.0.jar:/Users/aramis/.m2/repository/org/slf4j/jul-to-slf4j/1.7.32/jul-to-slf4j-1.7.32.jar:/Users/aramis/.m2/repository/jakarta/annotation/jakarta.annotation-api/1.3.5/jakarta.annotation-api-1.3.5.jar:/Users/aramis/.m2/repository/org/springframework/spring-core/5.3.14/spring-core-5.3.14.jar:/Users/aramis/.m2/repository/org/springframework/spring-jcl/5.3.14/spring-jcl-5.3.14.jar:/Users/aramis/.m2/repository/org/yaml/snakeyaml/1.28/snakeyaml-1.28.jar:/Users/aramis/.m2/repository/org/springframework/boot/spring-boot-starter-web/2.5.8/spring-boot-starter-web-2.5.8.jar:/Users/aramis/.m2/repository/org/springframework/boot/spring-boot-starter-json/2.5.8/spring-boot-starter-json-2.5.8.jar:/Users/aramis/.m2/repository/com/fasterxml/jackson/core/jackson-databind/2.12.6/jackson-databind-2.12.6.jar:/Users/aramis/.m2/repository/com/fasterxml/jackson/core/jackson-annotations/2.12.6/jackson-annotations-2.12.6.jar:/Users/aramis/.m2/repository/com/fasterxml/jackson/core/jackson-core/2.12.6/jackson-core-2.12.6.jar:/Users/aramis/.m2/repository/com/fasterxml/jackson/datatype/jackson-datatype-jdk8/2.12.6/jackson-datatype-jdk8-2.12.6.jar:/Users/aramis/.m2/repository/com/fasterxml/jackson/datatype/jackson-datatype-jsr310/2.12.6/jackson-datatype-jsr310-2.12.6.jar:/Users/aramis/.m2/repository/com/fasterxml/jackson/module/jackson-module-parameter-names/2.12.6/jackson-module-parameter-names-2.12.6.jar:/Users/aramis/.m2/repository/org/springframework/boot/spring-boot-starter-tomcat/2.5.8/spring-boot-starter-tomcat-2.5.8.jar:/Users/aramis/.m2/repository/org/apache/tomcat/embed/tomcat-embed-core/9.0.56/tomcat-embed-core-9.0.56.jar:/Users/aramis/.m2/repository/org/apache/tomcat/embed/tomcat-embed-el/9.0.56/tomcat-embed-el-9.0.56.jar:/Users/aramis/.m2/repository/org/apache/tomcat/embed/tomcat-embed-websocket/9.0.56/tomcat-embed-websocket-9.0.56.jar:/Users/aramis/.m2/repository/org/springframework/spring-web/5.3.14/spring-web-5.3.14.jar:/Users/aramis/.m2/repository/org/springframework/spring-beans/5.3.14/spring-beans-5.3.14.jar:/Users/aramis/.m2/repository/org/springframework/spring-webmvc/5.3.14/spring-webmvc-5.3.14.jar:/Users/aramis/.m2/repository/org/springframework/spring-aop/5.3.14/spring-aop-5.3.14.jar:/Users/aramis/.m2/repository/org/springframework/spring-expression/5.3.14/spring-expression-5.3.14.jar:/Users/aramis/.m2/repository/org/projectlombok/lombok/1.18.30/lombok-1.18.30.jar:/Users/aramis/.m2/repository/software/amazon/awssdk/cognitoidentity/2.21.20/cognitoidentity-2.21.20.jar:/Users/aramis/.m2/repository/software/amazon/awssdk/aws-json-protocol/2.21.20/aws-json-protocol-2.21.20.jar:/Users/aramis/.m2/repository/software/amazon/awssdk/third-party-jackson-core/2.21.20/third-party-jackson-core-2.21.20.jar:/Users/aramis/.m2/repository/software/amazon/awssdk/protocol-core/2.21.20/protocol-core-2.21.20.jar:/Users/aramis/.m2/repository/software/amazon/awssdk/http-auth-aws/2.21.20/http-auth-aws-2.21.20.jar:/Users/aramis/.m2/repository/software/amazon/awssdk/checksums-spi/2.21.20/checksums-spi-2.21.20.jar:/Users/aramis/.m2/repository/software/amazon/awssdk/checksums/2.21.20/checksums-2.21.20.jar:/Users/aramis/.m2/repository/software/amazon/awssdk/sdk-core/2.21.20/sdk-core-2.21.20.jar:/Users/aramis/.m2/repository/org/slf4j/slf4j-api/1.7.32/slf4j-api-1.7.32.jar:/Users/aramis/.m2/repository/org/reactivestreams/reactive-streams/1.0.3/reactive-streams-1.0.3.jar:/Users/aramis/.m2/repository/software/amazon/awssdk/auth/2.21.20/auth-2.21.20.jar:/Users/aramis/.m2/repository/software/amazon/eventstream/eventstream/1.0.1/eventstream-1.0.1.jar:/Users/aramis/.m2/repository/software/amazon/awssdk/http-auth-spi/2.21.20/http-auth-spi-2.21.20.jar:/Users/aramis/.m2/repository/software/amazon/awssdk/http-auth/2.21.20/http-auth-2.21.20.jar:/Users/aramis/.m2/repository/software/amazon/awssdk/identity-spi/2.21.20/identity-spi-2.21.20.jar:/Users/aramis/.m2/repository/software/amazon/awssdk/http-client-spi/2.21.20/http-client-spi-2.21.20.jar:/Users/aramis/.m2/repository/software/amazon/awssdk/regions/2.21.20/regions-2.21.20.jar:/Users/aramis/.m2/repository/software/amazon/awssdk/annotations/2.21.20/annotations-2.21.20.jar:/Users/aramis/.m2/repository/software/amazon/awssdk/utils/2.21.20/utils-2.21.20.jar:/Users/aramis/.m2/repository/software/amazon/awssdk/aws-core/2.21.20/aws-core-2.21.20.jar:/Users/aramis/.m2/repository/software/amazon/awssdk/metrics-spi/2.21.20/metrics-spi-2.21.20.jar:/Users/aramis/.m2/repository/software/amazon/awssdk/json-utils/2.21.20/json-utils-2.21.20.jar:/Users/aramis/.m2/repository/software/amazon/awssdk/endpoints-spi/2.21.20/endpoints-spi-2.21.20.jar:/Users/aramis/.m2/repository/software/amazon/awssdk/profiles/2.21.20/profiles-2.21.20.jar:/Users/aramis/.m2/repository/software/amazon/awssdk/apache-client/2.21.20/apache-client-2.21.20.jar:/Users/aramis/.m2/repository/org/apache/httpcomponents/httpclient/4.5.13/httpclient-4.5.13.jar:/Users/aramis/.m2/repository/org/apache/httpcomponents/httpcore/4.4.15/httpcore-4.4.15.jar:/Users/aramis/.m2/repository/commons-codec/commons-codec/1.15/commons-codec-1.15.jar:/Users/aramis/.m2/repository/software/amazon/awssdk/netty-nio-client/2.21.20/netty-nio-client-2.21.20.jar:/Users/aramis/.m2/repository/io/netty/netty-codec-http/4.1.72.Final/netty-codec-http-4.1.72.Final.jar:/Users/aramis/.m2/repository/io/netty/netty-codec-http2/4.1.72.Final/netty-codec-http2-4.1.72.Final.jar:/Users/aramis/.m2/repository/io/netty/netty-codec/4.1.72.Final/netty-codec-4.1.72.Final.jar:/Users/aramis/.m2/repository/io/netty/netty-transport/4.1.72.Final/netty-transport-4.1.72.Final.jar:/Users/aramis/.m2/repository/io/netty/netty-common/4.1.72.Final/netty-common-4.1.72.Final.jar:/Users/aramis/.m2/repository/io/netty/netty-buffer/4.1.72.Final/netty-buffer-4.1.72.Final.jar:/Users/aramis/.m2/repository/io/netty/netty-handler/4.1.72.Final/netty-handler-4.1.72.Final.jar:/Users/aramis/.m2/repository/io/netty/netty-tcnative-classes/2.0.46.Final/netty-tcnative-classes-2.0.46.Final.jar:/Users/aramis/.m2/repository/io/netty/netty-transport-classes-epoll/4.1.72.Final/netty-transport-classes-epoll-4.1.72.Final.jar:/Users/aramis/.m2/repository/io/netty/netty-transport-native-unix-common/4.1.72.Final/netty-transport-native-unix-common-4.1.72.Final.jar:/Users/aramis/.m2/repository/io/netty/netty-resolver/4.1.72.Final/netty-resolver-4.1.72.Final.jar:/Users/aramis/.m2/repository/software/amazon/awssdk/cognitoidentityprovider/2.21.20/cognitoidentityprovider-2.21.20.jar:/Users/aramis/.m2/repository/org/springdoc/springdoc-openapi-starter-webmvc-ui/2.3.0/springdoc-openapi-starter-webmvc-ui-2.3.0.jar:/Users/aramis/.m2/repository/org/springdoc/springdoc-openapi-starter-webmvc-api/2.3.0/springdoc-openapi-starter-webmvc-api-2.3.0.jar:/Users/aramis/.m2/repository/org/springdoc/springdoc-openapi-starter-common/2.3.0/springdoc-openapi-starter-common-2.3.0.jar:/Users/aramis/.m2/repository/io/swagger/core/v3/swagger-core-jakarta/2.2.19/swagger-core-jakarta-2.2.19.jar:/Users/aramis/.m2/repository/org/apache/commons/commons-lang3/3.12.0/commons-lang3-3.12.0.jar:/Users/aramis/.m2/repository/io/swagger/core/v3/swagger-annotations-jakarta/2.2.19/swagger-annotations-jakarta-2.2.19.jar:/Users/aramis/.m2/repository/io/swagger/core/v3/swagger-models-jakarta/2.2.19/swagger-models-jakarta-2.2.19.jar:/Users/aramis/.m2/repository/jakarta/validation/jakarta.validation-api/2.0.2/jakarta.validation-api-2.0.2.jar:/Users/aramis/.m2/repository/com/fasterxml/jackson/dataformat/jackson-dataformat-yaml/2.12.6/jackson-dataformat-yaml-2.12.6.jar:/Users/aramis/.m2/repository/org/webjars/swagger-ui/5.10.3/swagger-ui-5.10.3.jar:/Users/aramis/.m2/repository/io/github/cdimascio/java-dotenv/5.2.2/java-dotenv-5.2.2.jar:/Users/aramis/.m2/repository/org/jetbrains/kotlin/kotlin-stdlib/1.5.32/kotlin-stdlib-1.5.32.jar:/Users/aramis/.m2/repository/org/jetbrains/annotations/13.0/annotations-13.0.jar:/Users/aramis/.m2/repository/org/jetbrains/kotlin/kotlin-stdlib-common/1.5.32/kotlin-stdlib-common-1.5.32.jar:/Users/aramis/.m2/repository/net/bytebuddy/byte-buddy/1.14.12/byte-buddy-1.14.12.jar:/Users/aramis/.m2/repository/org/sonarsource/scanner/maven/sonar-maven-plugin/3.11.0.3922/sonar-maven-plugin-3.11.0.3922.jar:/Users/aramis/.m2/repository/org/codehaus/plexus/plexus-sec-dispatcher/2.0/plexus-sec-dispatcher-2.0.jar:/Users/aramis/.m2/repository/org/codehaus/plexus/plexus-cipher/2.0/plexus-cipher-2.0.jar:/Users/aramis/.m2/repository/javax/inject/javax.inject/1/javax.inject-1.jar:/Users/aramis/.m2/repository/org/sonarsource/scanner/api/sonar-scanner-api/2.16.3.1081/sonar-scanner-api-2.16.3.1081.jar:/Users/aramis/.m2/repository/commons-lang/commons-lang/2.6/commons-lang-2.6.jar:/Users/aramis/.m2/repository/org/jacoco/jacoco-maven-plugin/0.8.11/jacoco-maven-plugin-0.8.11.jar:/Users/aramis/.m2/repository/org/codehaus/plexus/plexus-utils/3.0.24/plexus-utils-3.0.24.jar:/Users/aramis/.m2/repository/org/apache/maven/shared/file-management/3.1.0/file-management-3.1.0.jar:/Users/aramis/.m2/repository/commons-io/commons-io/2.11.0/commons-io-2.11.0.jar:/Users/aramis/.m2/repository/org/apache/maven/reporting/maven-reporting-api/3.0/maven-reporting-api-3.0.jar:/Users/aramis/.m2/repository/org/apache/maven/doxia/doxia-sink-api/1.0/doxia-sink-api-1.0.jar:/Users/aramis/.m2/repository/org/jacoco/org.jacoco.agent/0.8.11/org.jacoco.agent-0.8.11-runtime.jar:/Users/aramis/.m2/repository/org/jacoco/org.jacoco.core/0.8.11/org.jacoco.core-0.8.11.jar:/Users/aramis/.m2/repository/org/ow2/asm/asm/9.6/asm-9.6.jar:/Users/aramis/.m2/repository/org/ow2/asm/asm-commons/9.6/asm-commons-9.6.jar:/Users/aramis/.m2/repository/org/ow2/asm/asm-tree/9.6/asm-tree-9.6.jar:/Users/aramis/.m2/repository/org/jacoco/org.jacoco.report/0.8.11/org.jacoco.report-0.8.11.jar:/Users/aramis/.m2/repository/org/apache/maven/plugins/maven-surefire-plugin/3.2.5/maven-surefire-plugin-3.2.5.jar:/Users/aramis/.m2/repository/org/apache/maven/surefire/maven-surefire-common/3.2.5/maven-surefire-common-3.2.5.jar:/Users/aramis/.m2/repository/org/apache/maven/surefire/surefire-api/3.2.5/surefire-api-3.2.5.jar:/Users/aramis/.m2/repository/org/apache/maven/surefire/surefire-logger-api/3.2.5/surefire-logger-api-3.2.5.jar:/Users/aramis/.m2/repository/org/apache/maven/surefire/surefire-extensions-api/3.2.5/surefire-extensions-api-3.2.5.jar:/Users/aramis/.m2/repository/org/apache/maven/surefire/surefire-booter/3.2.5/surefire-booter-3.2.5.jar:/Users/aramis/.m2/repository/org/apache/maven/surefire/surefire-extensions-spi/3.2.5/surefire-extensions-spi-3.2.5.jar:/Users/aramis/.m2/repository/org/eclipse/aether/aether-util/1.0.0.v20140518/aether-util-1.0.0.v20140518.jar:/Users/aramis/.m2/repository/org/eclipse/aether/aether-api/1.0.0.v20140518/aether-api-1.0.0.v20140518.jar:/Users/aramis/.m2/repository/org/apache/maven/shared/maven-common-artifact-filters/3.1.1/maven-common-artifact-filters-3.1.1.jar:/Users/aramis/.m2/repository/org/apache/maven/maven-artifact/3.1.0/maven-artifact-3.1.0.jar:/Users/aramis/.m2/repository/org/apache/maven/maven-core/3.1.0/maven-core-3.1.0.jar:/Users/aramis/.m2/repository/org/apache/maven/maven-settings/3.1.0/maven-settings-3.1.0.jar:/Users/aramis/.m2/repository/org/apache/maven/maven-settings-builder/3.1.0/maven-settings-builder-3.1.0.jar:/Users/aramis/.m2/repository/org/apache/maven/maven-repository-metadata/3.1.0/maven-repository-metadata-3.1.0.jar:/Users/aramis/.m2/repository/org/apache/maven/maven-model-builder/3.1.0/maven-model-builder-3.1.0.jar:/Users/aramis/.m2/repository/org/apache/maven/maven-aether-provider/3.1.0/maven-aether-provider-3.1.0.jar:/Users/aramis/.m2/repository/org/eclipse/aether/aether-spi/0.9.0.M2/aether-spi-0.9.0.M2.jar:/Users/aramis/.m2/repository/org/eclipse/aether/aether-impl/0.9.0.M2/aether-impl-0.9.0.M2.jar:/Users/aramis/.m2/repository/org/eclipse/sisu/org.eclipse.sisu.plexus/0.0.0.M2a/org.eclipse.sisu.plexus-0.0.0.M2a.jar:/Users/aramis/.m2/repository/javax/enterprise/cdi-api/1.0/cdi-api-1.0.jar:/Users/aramis/.m2/repository/javax/annotation/jsr250-api/1.0/jsr250-api-1.0.jar:/Users/aramis/.m2/repository/com/google/guava/guava/10.0.1/guava-10.0.1.jar:/Users/aramis/.m2/repository/com/google/code/findbugs/jsr305/1.3.9/jsr305-1.3.9.jar:/Users/aramis/.m2/repository/org/sonatype/sisu/sisu-guice/3.1.0/sisu-guice-3.1.0-no_aop.jar:/Users/aramis/.m2/repository/aopalliance/aopalliance/1.0/aopalliance-1.0.jar:/Users/aramis/.m2/repository/org/eclipse/sisu/org.eclipse.sisu.inject/0.0.0.M2a/org.eclipse.sisu.inject-0.0.0.M2a.jar:/Users/aramis/.m2/repository/asm/asm/3.3.1/asm-3.3.1.jar:/Users/aramis/.m2/repository/org/codehaus/plexus/plexus-interpolation/1.16/plexus-interpolation-1.16.jar:/Users/aramis/.m2/repository/org/codehaus/plexus/plexus-classworlds/2.4.2/plexus-classworlds-2.4.2.jar:/Users/aramis/.m2/repository/org/codehaus/plexus/plexus-component-annotations/1.5.5/plexus-component-annotations-1.5.5.jar:/Users/aramis/.m2/repository/org/sonatype/plexus/plexus-sec-dispatcher/1.3/plexus-sec-dispatcher-1.3.jar:/Users/aramis/.m2/repository/org/sonatype/plexus/plexus-cipher/1.4/plexus-cipher-1.4.jar:/Users/aramis/.m2/repository/org/apache/maven/maven-plugin-api/3.1.0/maven-plugin-api-3.1.0.jar:/Users/aramis/.m2/repository/org/codehaus/plexus/plexus-java/1.2.0/plexus-java-1.2.0.jar:/Users/aramis/.m2/repository/com/thoughtworks/qdox/qdox/2.0.3/qdox-2.0.3.jar:/Users/aramis/.m2/repository/org/apache/maven/surefire/surefire-shared-utils/3.2.5/surefire-shared-utils-3.2.5.jar:/Users/aramis/.m2/repository/org/mockito/mockito-core/5.11.0/mockito-core-5.11.0.jar:/Users/aramis/.m2/repository/net/bytebuddy/byte-buddy-agent/1.10.22/byte-buddy-agent-1.10.22.jar:/Users/aramis/.m2/repository/org/objenesis/objenesis/3.3/objenesis-3.3.jar:/Users/aramis/.m2/repository/org/springframework/boot/spring-boot-starter-test/3.1.5/spring-boot-starter-test-3.1.5.jar:/Users/aramis/.m2/repository/org/springframework/boot/spring-boot-test/2.5.8/spring-boot-test-2.5.8.jar:/Users/aramis/.m2/repository/org/springframework/boot/spring-boot-test-autoconfigure/2.5.8/spring-boot-test-autoconfigure-2.5.8.jar:/Users/aramis/.m2/repository/com/jayway/jsonpath/json-path/2.5.0/json-path-2.5.0.jar:/Users/aramis/.m2/repository/jakarta/xml/bind/jakarta.xml.bind-api/2.3.3/jakarta.xml.bind-api-2.3.3.jar:/Users/aramis/.m2/repository/jakarta/activation/jakarta.activation-api/1.2.2/jakarta.activation-api-1.2.2.jar:/Users/aramis/.m2/repository/net/minidev/json-smart/2.4.7/json-smart-2.4.7.jar:/Users/aramis/.m2/repository/net/minidev/accessors-smart/2.4.7/accessors-smart-2.4.7.jar:/Users/aramis/.m2/repository/org/assertj/assertj-core/3.19.0/assertj-core-3.19.0.jar:/Users/aramis/.m2/repository/org/hamcrest/hamcrest/2.2/hamcrest-2.2.jar:/Users/aramis/.m2/repository/org/junit/jupiter/junit-jupiter/5.7.2/junit-jupiter-5.7.2.jar:/Users/aramis/.m2/repository/org/junit/jupiter/junit-jupiter-api/5.7.2/junit-jupiter-api-5.7.2.jar:/Users/aramis/.m2/repository/org/apiguardian/apiguardian-api/1.1.0/apiguardian-api-1.1.0.jar:/Users/aramis/.m2/repository/org/opentest4j/opentest4j/1.2.0/opentest4j-1.2.0.jar:/Users/aramis/.m2/repository/org/junit/platform/junit-platform-commons/1.7.2/junit-platform-commons-1.7.2.jar:/Users/aramis/.m2/repository/org/junit/jupiter/junit-jupiter-params/5.7.2/junit-jupiter-params-5.7.2.jar:/Users/aramis/.m2/repository/org/junit/jupiter/junit-jupiter-engine/5.7.2/junit-jupiter-engine-5.7.2.jar:/Users/aramis/.m2/repository/org/junit/platform/junit-platform-engine/1.7.2/junit-platform-engine-1.7.2.jar:/Users/aramis/.m2/repository/org/mockito/mockito-junit-jupiter/3.9.0/mockito-junit-jupiter-3.9.0.jar:/Users/aramis/.m2/repository/org/skyscreamer/jsonassert/1.5.0/jsonassert-1.5.0.jar:/Users/aramis/.m2/repository/com/vaadin/external/google/android-json/0.0.20131108.vaadin1/android-json-0.0.20131108.vaadin1.jar:/Users/aramis/.m2/repository/org/springframework/spring-test/5.3.14/spring-test-5.3.14.jar:/Users/aramis/.m2/repository/org/xmlunit/xmlunit-core/2.8.4/xmlunit-core-2.8.4.jar:"/>
    <property name="java.vm.vendor" value="Oracle Corporation"/>
    <property name="sun.arch.data.model" value="64"/>
    <property name="sonar.qualitygate.wait" value="true"/>
    <property name="java.vendor.url" value="https://java.oracle.com/"/>
    <property name="os.name" value="Mac OS X"/>
    <property name="java.vm.specification.version" value="21"/>
    <property name="sun.java.launcher" value="SUN_STANDARD"/>
    <property name="user.country" value="GB"/>
    <property name="sun.boot.library.path" value="/Users/aramis/Library/Java/JavaVirtualMachines/openjdk-21.0.2/Contents/Home/lib"/>
    <property name="sun.java.command" value="/Users/aramis/Documents/University/Advanced Software Engineering/user_service/target/surefire/surefirebooter3774964642700885847.jar /Users/aramis/Documents/University/Advanced Software Engineering/user_service/target/surefire 2024-03-16T17-13-52_165-jvmRun1 surefire9681191310356814401tmp surefire_03259101630608202758tmp"/>
    <property name="http.nonProxyHosts" value="local|*.local|169.254/16|*.169.254/16"/>
    <property name="jdk.debug" value="release"/>
    <property name="surefire.test.class.path" value="/Users/aramis/Documents/University/Advanced Software Engineering/user_service/target/test-classes:/Users/aramis/Documents/University/Advanced Software Engineering/user_service/target/classes:/Users/aramis/.m2/repository/org/springframework/boot/spring-boot-starter/2.5.8/spring-boot-starter-2.5.8.jar:/Users/aramis/.m2/repository/org/springframework/boot/spring-boot/2.5.8/spring-boot-2.5.8.jar:/Users/aramis/.m2/repository/org/springframework/spring-context/5.3.14/spring-context-5.3.14.jar:/Users/aramis/.m2/repository/org/springframework/boot/spring-boot-autoconfigure/2.5.8/spring-boot-autoconfigure-2.5.8.jar:/Users/aramis/.m2/repository/org/springframework/boot/spring-boot-starter-logging/2.5.8/spring-boot-starter-logging-2.5.8.jar:/Users/aramis/.m2/repository/ch/qos/logback/logback-classic/1.2.9/logback-classic-1.2.9.jar:/Users/aramis/.m2/repository/ch/qos/logback/logback-core/1.2.9/logback-core-1.2.9.jar:/Users/aramis/.m2/repository/org/apache/logging/log4j/log4j-to-slf4j/2.17.0/log4j-to-slf4j-2.17.0.jar:/Users/aramis/.m2/repository/org/apache/logging/log4j/log4j-api/2.17.0/log4j-api-2.17.0.jar:/Users/aramis/.m2/repository/org/slf4j/jul-to-slf4j/1.7.32/jul-to-slf4j-1.7.32.jar:/Users/aramis/.m2/repository/jakarta/annotation/jakarta.annotation-api/1.3.5/jakarta.annotation-api-1.3.5.jar:/Users/aramis/.m2/repository/org/springframework/spring-core/5.3.14/spring-core-5.3.14.jar:/Users/aramis/.m2/repository/org/springframework/spring-jcl/5.3.14/spring-jcl-5.3.14.jar:/Users/aramis/.m2/repository/org/yaml/snakeyaml/1.28/snakeyaml-1.28.jar:/Users/aramis/.m2/repository/org/springframework/boot/spring-boot-starter-web/2.5.8/spring-boot-starter-web-2.5.8.jar:/Users/aramis/.m2/repository/org/springframework/boot/spring-boot-starter-json/2.5.8/spring-boot-starter-json-2.5.8.jar:/Users/aramis/.m2/repository/com/fasterxml/jackson/core/jackson-databind/2.12.6/jackson-databind-2.12.6.jar:/Users/aramis/.m2/repository/com/fasterxml/jackson/core/jackson-annotations/2.12.6/jackson-annotations-2.12.6.jar:/Users/aramis/.m2/repository/com/fasterxml/jackson/core/jackson-core/2.12.6/jackson-core-2.12.6.jar:/Users/aramis/.m2/repository/com/fasterxml/jackson/datatype/jackson-datatype-jdk8/2.12.6/jackson-datatype-jdk8-2.12.6.jar:/Users/aramis/.m2/repository/com/fasterxml/jackson/datatype/jackson-datatype-jsr310/2.12.6/jackson-datatype-jsr310-2.12.6.jar:/Users/aramis/.m2/repository/com/fasterxml/jackson/module/jackson-module-parameter-names/2.12.6/jackson-module-parameter-names-2.12.6.jar:/Users/aramis/.m2/repository/org/springframework/boot/spring-boot-starter-tomcat/2.5.8/spring-boot-starter-tomcat-2.5.8.jar:/Users/aramis/.m2/repository/org/apache/tomcat/embed/tomcat-embed-core/9.0.56/tomcat-embed-core-9.0.56.jar:/Users/aramis/.m2/repository/org/apache/tomcat/embed/tomcat-embed-el/9.0.56/tomcat-embed-el-9.0.56.jar:/Users/aramis/.m2/repository/org/apache/tomcat/embed/tomcat-embed-websocket/9.0.56/tomcat-embed-websocket-9.0.56.jar:/Users/aramis/.m2/repository/org/springframework/spring-web/5.3.14/spring-web-5.3.14.jar:/Users/aramis/.m2/repository/org/springframework/spring-beans/5.3.14/spring-beans-5.3.14.jar:/Users/aramis/.m2/repository/org/springframework/spring-webmvc/5.3.14/spring-webmvc-5.3.14.jar:/Users/aramis/.m2/repository/org/springframework/spring-aop/5.3.14/spring-aop-5.3.14.jar:/Users/aramis/.m2/repository/org/springframework/spring-expression/5.3.14/spring-expression-5.3.14.jar:/Users/aramis/.m2/repository/org/projectlombok/lombok/1.18.30/lombok-1.18.30.jar:/Users/aramis/.m2/repository/software/amazon/awssdk/cognitoidentity/2.21.20/cognitoidentity-2.21.20.jar:/Users/aramis/.m2/repository/software/amazon/awssdk/aws-json-protocol/2.21.20/aws-json-protocol-2.21.20.jar:/Users/aramis/.m2/repository/software/amazon/awssdk/third-party-jackson-core/2.21.20/third-party-jackson-core-2.21.20.jar:/Users/aramis/.m2/repository/software/amazon/awssdk/protocol-core/2.21.20/protocol-core-2.21.20.jar:/Users/aramis/.m2/repository/software/amazon/awssdk/http-auth-aws/2.21.20/http-auth-aws-2.21.20.jar:/Users/aramis/.m2/repository/software/amazon/awssdk/checksums-spi/2.21.20/checksums-spi-2.21.20.jar:/Users/aramis/.m2/repository/software/amazon/awssdk/checksums/2.21.20/checksums-2.21.20.jar:/Users/aramis/.m2/repository/software/amazon/awssdk/sdk-core/2.21.20/sdk-core-2.21.20.jar:/Users/aramis/.m2/repository/org/slf4j/slf4j-api/1.7.32/slf4j-api-1.7.32.jar:/Users/aramis/.m2/repository/org/reactivestreams/reactive-streams/1.0.3/reactive-streams-1.0.3.jar:/Users/aramis/.m2/repository/software/amazon/awssdk/auth/2.21.20/auth-2.21.20.jar:/Users/aramis/.m2/repository/software/amazon/eventstream/eventstream/1.0.1/eventstream-1.0.1.jar:/Users/aramis/.m2/repository/software/amazon/awssdk/http-auth-spi/2.21.20/http-auth-spi-2.21.20.jar:/Users/aramis/.m2/repository/software/amazon/awssdk/http-auth/2.21.20/http-auth-2.21.20.jar:/Users/aramis/.m2/repository/software/amazon/awssdk/identity-spi/2.21.20/identity-spi-2.21.20.jar:/Users/aramis/.m2/repository/software/amazon/awssdk/http-client-spi/2.21.20/http-client-spi-2.21.20.jar:/Users/aramis/.m2/repository/software/amazon/awssdk/regions/2.21.20/regions-2.21.20.jar:/Users/aramis/.m2/repository/software/amazon/awssdk/annotations/2.21.20/annotations-2.21.20.jar:/Users/aramis/.m2/repository/software/amazon/awssdk/utils/2.21.20/utils-2.21.20.jar:/Users/aramis/.m2/repository/software/amazon/awssdk/aws-core/2.21.20/aws-core-2.21.20.jar:/Users/aramis/.m2/repository/software/amazon/awssdk/metrics-spi/2.21.20/metrics-spi-2.21.20.jar:/Users/aramis/.m2/repository/software/amazon/awssdk/json-utils/2.21.20/json-utils-2.21.20.jar:/Users/aramis/.m2/repository/software/amazon/awssdk/endpoints-spi/2.21.20/endpoints-spi-2.21.20.jar:/Users/aramis/.m2/repository/software/amazon/awssdk/profiles/2.21.20/profiles-2.21.20.jar:/Users/aramis/.m2/repository/software/amazon/awssdk/apache-client/2.21.20/apache-client-2.21.20.jar:/Users/aramis/.m2/repository/org/apache/httpcomponents/httpclient/4.5.13/httpclient-4.5.13.jar:/Users/aramis/.m2/repository/org/apache/httpcomponents/httpcore/4.4.15/httpcore-4.4.15.jar:/Users/aramis/.m2/repository/commons-codec/commons-codec/1.15/commons-codec-1.15.jar:/Users/aramis/.m2/repository/software/amazon/awssdk/netty-nio-client/2.21.20/netty-nio-client-2.21.20.jar:/Users/aramis/.m2/repository/io/netty/netty-codec-http/4.1.72.Final/netty-codec-http-4.1.72.Final.jar:/Users/aramis/.m2/repository/io/netty/netty-codec-http2/4.1.72.Final/netty-codec-http2-4.1.72.Final.jar:/Users/aramis/.m2/repository/io/netty/netty-codec/4.1.72.Final/netty-codec-4.1.72.Final.jar:/Users/aramis/.m2/repository/io/netty/netty-transport/4.1.72.Final/netty-transport-4.1.72.Final.jar:/Users/aramis/.m2/repository/io/netty/netty-common/4.1.72.Final/netty-common-4.1.72.Final.jar:/Users/aramis/.m2/repository/io/netty/netty-buffer/4.1.72.Final/netty-buffer-4.1.72.Final.jar:/Users/aramis/.m2/repository/io/netty/netty-handler/4.1.72.Final/netty-handler-4.1.72.Final.jar:/Users/aramis/.m2/repository/io/netty/netty-tcnative-classes/2.0.46.Final/netty-tcnative-classes-2.0.46.Final.jar:/Users/aramis/.m2/repository/io/netty/netty-transport-classes-epoll/4.1.72.Final/netty-transport-classes-epoll-4.1.72.Final.jar:/Users/aramis/.m2/repository/io/netty/netty-transport-native-unix-common/4.1.72.Final/netty-transport-native-unix-common-4.1.72.Final.jar:/Users/aramis/.m2/repository/io/netty/netty-resolver/4.1.72.Final/netty-resolver-4.1.72.Final.jar:/Users/aramis/.m2/repository/software/amazon/awssdk/cognitoidentityprovider/2.21.20/cognitoidentityprovider-2.21.20.jar:/Users/aramis/.m2/repository/org/springdoc/springdoc-openapi-starter-webmvc-ui/2.3.0/springdoc-openapi-starter-webmvc-ui-2.3.0.jar:/Users/aramis/.m2/repository/org/springdoc/springdoc-openapi-starter-webmvc-api/2.3.0/springdoc-openapi-starter-webmvc-api-2.3.0.jar:/Users/aramis/.m2/repository/org/springdoc/springdoc-openapi-starter-common/2.3.0/springdoc-openapi-starter-common-2.3.0.jar:/Users/aramis/.m2/repository/io/swagger/core/v3/swagger-core-jakarta/2.2.19/swagger-core-jakarta-2.2.19.jar:/Users/aramis/.m2/repository/org/apache/commons/commons-lang3/3.12.0/commons-lang3-3.12.0.jar:/Users/aramis/.m2/repository/io/swagger/core/v3/swagger-annotations-jakarta/2.2.19/swagger-annotations-jakarta-2.2.19.jar:/Users/aramis/.m2/repository/io/swagger/core/v3/swagger-models-jakarta/2.2.19/swagger-models-jakarta-2.2.19.jar:/Users/aramis/.m2/repository/jakarta/validation/jakarta.validation-api/2.0.2/jakarta.validation-api-2.0.2.jar:/Users/aramis/.m2/repository/com/fasterxml/jackson/dataformat/jackson-dataformat-yaml/2.12.6/jackson-dataformat-yaml-2.12.6.jar:/Users/aramis/.m2/repository/org/webjars/swagger-ui/5.10.3/swagger-ui-5.10.3.jar:/Users/aramis/.m2/repository/io/github/cdimascio/java-dotenv/5.2.2/java-dotenv-5.2.2.jar:/Users/aramis/.m2/repository/org/jetbrains/kotlin/kotlin-stdlib/1.5.32/kotlin-stdlib-1.5.32.jar:/Users/aramis/.m2/repository/org/jetbrains/annotations/13.0/annotations-13.0.jar:/Users/aramis/.m2/repository/org/jetbrains/kotlin/kotlin-stdlib-common/1.5.32/kotlin-stdlib-common-1.5.32.jar:/Users/aramis/.m2/repository/net/bytebuddy/byte-buddy/1.14.12/byte-buddy-1.14.12.jar:/Users/aramis/.m2/repository/org/sonarsource/scanner/maven/sonar-maven-plugin/3.11.0.3922/sonar-maven-plugin-3.11.0.3922.jar:/Users/aramis/.m2/repository/org/codehaus/plexus/plexus-sec-dispatcher/2.0/plexus-sec-dispatcher-2.0.jar:/Users/aramis/.m2/repository/org/codehaus/plexus/plexus-cipher/2.0/plexus-cipher-2.0.jar:/Users/aramis/.m2/repository/javax/inject/javax.inject/1/javax.inject-1.jar:/Users/aramis/.m2/repository/org/sonarsource/scanner/api/sonar-scanner-api/2.16.3.1081/sonar-scanner-api-2.16.3.1081.jar:/Users/aramis/.m2/repository/commons-lang/commons-lang/2.6/commons-lang-2.6.jar:/Users/aramis/.m2/repository/org/jacoco/jacoco-maven-plugin/0.8.11/jacoco-maven-plugin-0.8.11.jar:/Users/aramis/.m2/repository/org/codehaus/plexus/plexus-utils/3.0.24/plexus-utils-3.0.24.jar:/Users/aramis/.m2/repository/org/apache/maven/shared/file-management/3.1.0/file-management-3.1.0.jar:/Users/aramis/.m2/repository/commons-io/commons-io/2.11.0/commons-io-2.11.0.jar:/Users/aramis/.m2/repository/org/apache/maven/reporting/maven-reporting-api/3.0/maven-reporting-api-3.0.jar:/Users/aramis/.m2/repository/org/apache/maven/doxia/doxia-sink-api/1.0/doxia-sink-api-1.0.jar:/Users/aramis/.m2/repository/org/jacoco/org.jacoco.agent/0.8.11/org.jacoco.agent-0.8.11-runtime.jar:/Users/aramis/.m2/repository/org/jacoco/org.jacoco.core/0.8.11/org.jacoco.core-0.8.11.jar:/Users/aramis/.m2/repository/org/ow2/asm/asm/9.6/asm-9.6.jar:/Users/aramis/.m2/repository/org/ow2/asm/asm-commons/9.6/asm-commons-9.6.jar:/Users/aramis/.m2/repository/org/ow2/asm/asm-tree/9.6/asm-tree-9.6.jar:/Users/aramis/.m2/repository/org/jacoco/org.jacoco.report/0.8.11/org.jacoco.report-0.8.11.jar:/Users/aramis/.m2/repository/org/apache/maven/plugins/maven-surefire-plugin/3.2.5/maven-surefire-plugin-3.2.5.jar:/Users/aramis/.m2/repository/org/apache/maven/surefire/maven-surefire-common/3.2.5/maven-surefire-common-3.2.5.jar:/Users/aramis/.m2/repository/org/apache/maven/surefire/surefire-api/3.2.5/surefire-api-3.2.5.jar:/Users/aramis/.m2/repository/org/apache/maven/surefire/surefire-logger-api/3.2.5/surefire-logger-api-3.2.5.jar:/Users/aramis/.m2/repository/org/apache/maven/surefire/surefire-extensions-api/3.2.5/surefire-extensions-api-3.2.5.jar:/Users/aramis/.m2/repository/org/apache/maven/surefire/surefire-booter/3.2.5/surefire-booter-3.2.5.jar:/Users/aramis/.m2/repository/org/apache/maven/surefire/surefire-extensions-spi/3.2.5/surefire-extensions-spi-3.2.5.jar:/Users/aramis/.m2/repository/org/eclipse/aether/aether-util/1.0.0.v20140518/aether-util-1.0.0.v20140518.jar:/Users/aramis/.m2/repository/org/eclipse/aether/aether-api/1.0.0.v20140518/aether-api-1.0.0.v20140518.jar:/Users/aramis/.m2/repository/org/apache/maven/shared/maven-common-artifact-filters/3.1.1/maven-common-artifact-filters-3.1.1.jar:/Users/aramis/.m2/repository/org/apache/maven/maven-artifact/3.1.0/maven-artifact-3.1.0.jar:/Users/aramis/.m2/repository/org/apache/maven/maven-core/3.1.0/maven-core-3.1.0.jar:/Users/aramis/.m2/repository/org/apache/maven/maven-settings/3.1.0/maven-settings-3.1.0.jar:/Users/aramis/.m2/repository/org/apache/maven/maven-settings-builder/3.1.0/maven-settings-builder-3.1.0.jar:/Users/aramis/.m2/repository/org/apache/maven/maven-repository-metadata/3.1.0/maven-repository-metadata-3.1.0.jar:/Users/aramis/.m2/repository/org/apache/maven/maven-model-builder/3.1.0/maven-model-builder-3.1.0.jar:/Users/aramis/.m2/repository/org/apache/maven/maven-aether-provider/3.1.0/maven-aether-provider-3.1.0.jar:/Users/aramis/.m2/repository/org/eclipse/aether/aether-spi/0.9.0.M2/aether-spi-0.9.0.M2.jar:/Users/aramis/.m2/repository/org/eclipse/aether/aether-impl/0.9.0.M2/aether-impl-0.9.0.M2.jar:/Users/aramis/.m2/repository/org/eclipse/sisu/org.eclipse.sisu.plexus/0.0.0.M2a/org.eclipse.sisu.plexus-0.0.0.M2a.jar:/Users/aramis/.m2/repository/javax/enterprise/cdi-api/1.0/cdi-api-1.0.jar:/Users/aramis/.m2/repository/javax/annotation/jsr250-api/1.0/jsr250-api-1.0.jar:/Users/aramis/.m2/repository/com/google/guava/guava/10.0.1/guava-10.0.1.jar:/Users/aramis/.m2/repository/com/google/code/findbugs/jsr305/1.3.9/jsr305-1.3.9.jar:/Users/aramis/.m2/repository/org/sonatype/sisu/sisu-guice/3.1.0/sisu-guice-3.1.0-no_aop.jar:/Users/aramis/.m2/repository/aopalliance/aopalliance/1.0/aopalliance-1.0.jar:/Users/aramis/.m2/repository/org/eclipse/sisu/org.eclipse.sisu.inject/0.0.0.M2a/org.eclipse.sisu.inject-0.0.0.M2a.jar:/Users/aramis/.m2/repository/asm/asm/3.3.1/asm-3.3.1.jar:/Users/aramis/.m2/repository/org/codehaus/plexus/plexus-interpolation/1.16/plexus-interpolation-1.16.jar:/Users/aramis/.m2/repository/org/codehaus/plexus/plexus-classworlds/2.4.2/plexus-classworlds-2.4.2.jar:/Users/aramis/.m2/repository/org/codehaus/plexus/plexus-component-annotations/1.5.5/plexus-component-annotations-1.5.5.jar:/Users/aramis/.m2/repository/org/sonatype/plexus/plexus-sec-dispatcher/1.3/plexus-sec-dispatcher-1.3.jar:/Users/aramis/.m2/repository/org/sonatype/plexus/plexus-cipher/1.4/plexus-cipher-1.4.jar:/Users/aramis/.m2/repository/org/apache/maven/maven-plugin-api/3.1.0/maven-plugin-api-3.1.0.jar:/Users/aramis/.m2/repository/org/codehaus/plexus/plexus-java/1.2.0/plexus-java-1.2.0.jar:/Users/aramis/.m2/repository/com/thoughtworks/qdox/qdox/2.0.3/qdox-2.0.3.jar:/Users/aramis/.m2/repository/org/apache/maven/surefire/surefire-shared-utils/3.2.5/surefire-shared-utils-3.2.5.jar:/Users/aramis/.m2/repository/org/mockito/mockito-core/5.11.0/mockito-core-5.11.0.jar:/Users/aramis/.m2/repository/net/bytebuddy/byte-buddy-agent/1.10.22/byte-buddy-agent-1.10.22.jar:/Users/aramis/.m2/repository/org/objenesis/objenesis/3.3/objenesis-3.3.jar:/Users/aramis/.m2/repository/org/springframework/boot/spring-boot-starter-test/3.1.5/spring-boot-starter-test-3.1.5.jar:/Users/aramis/.m2/repository/org/springframework/boot/spring-boot-test/2.5.8/spring-boot-test-2.5.8.jar:/Users/aramis/.m2/repository/org/springframework/boot/spring-boot-test-autoconfigure/2.5.8/spring-boot-test-autoconfigure-2.5.8.jar:/Users/aramis/.m2/repository/com/jayway/jsonpath/json-path/2.5.0/json-path-2.5.0.jar:/Users/aramis/.m2/repository/jakarta/xml/bind/jakarta.xml.bind-api/2.3.3/jakarta.xml.bind-api-2.3.3.jar:/Users/aramis/.m2/repository/jakarta/activation/jakarta.activation-api/1.2.2/jakarta.activation-api-1.2.2.jar:/Users/aramis/.m2/repository/net/minidev/json-smart/2.4.7/json-smart-2.4.7.jar:/Users/aramis/.m2/repository/net/minidev/accessors-smart/2.4.7/accessors-smart-2.4.7.jar:/Users/aramis/.m2/repository/org/assertj/assertj-core/3.19.0/assertj-core-3.19.0.jar:/Users/aramis/.m2/repository/org/hamcrest/hamcrest/2.2/hamcrest-2.2.jar:/Users/aramis/.m2/repository/org/junit/jupiter/junit-jupiter/5.7.2/junit-jupiter-5.7.2.jar:/Users/aramis/.m2/repository/org/junit/jupiter/junit-jupiter-api/5.7.2/junit-jupiter-api-5.7.2.jar:/Users/aramis/.m2/repository/org/apiguardian/apiguardian-api/1.1.0/apiguardian-api-1.1.0.jar:/Users/aramis/.m2/repository/org/opentest4j/opentest4j/1.2.0/opentest4j-1.2.0.jar:/Users/aramis/.m2/repository/org/junit/platform/junit-platform-commons/1.7.2/junit-platform-commons-1.7.2.jar:/Users/aramis/.m2/repository/org/junit/jupiter/junit-jupiter-params/5.7.2/junit-jupiter-params-5.7.2.jar:/Users/aramis/.m2/repository/org/junit/jupiter/junit-jupiter-engine/5.7.2/junit-jupiter-engine-5.7.2.jar:/Users/aramis/.m2/repository/org/junit/platform/junit-platform-engine/1.7.2/junit-platform-engine-1.7.2.jar:/Users/aramis/.m2/repository/org/mockito/mockito-junit-jupiter/3.9.0/mockito-junit-jupiter-3.9.0.jar:/Users/aramis/.m2/repository/org/skyscreamer/jsonassert/1.5.0/jsonassert-1.5.0.jar:/Users/aramis/.m2/repository/com/vaadin/external/google/android-json/0.0.20131108.vaadin1/android-json-0.0.20131108.vaadin1.jar:/Users/aramis/.m2/repository/org/springframework/spring-test/5.3.14/spring-test-5.3.14.jar:/Users/aramis/.m2/repository/org/xmlunit/xmlunit-core/2.8.4/xmlunit-core-2.8.4.jar:"/>
    <property name="sun.cpu.endian" value="little"/>
    <property name="user.home" value="/Users/aramis"/>
    <property name="user.language" value="en"/>
    <property name="java.specification.vendor" value="Oracle Corporation"/>
    <property name="java.version.date" value="2024-01-16"/>
    <property name="java.home" value="/Users/aramis/Library/Java/JavaVirtualMachines/openjdk-21.0.2/Contents/Home"/>
    <property name="file.separator" value="/"/>
    <property name="basedir" value="/Users/aramis/Documents/University/Advanced Software Engineering/user_service"/>
    <property name="java.vm.compressedOopsMode" value="Zero based"/>
    <property name="line.separator" value="&#10;"/>
    <property name="java.vm.specification.vendor" value="Oracle Corporation"/>
    <property name="java.specification.name" value="Java Platform API Specification"/>
    <property name="apple.awt.application.name" value="ForkedBooter"/>
    <property name="surefire.real.class.path" value="/Users/aramis/Documents/University/Advanced Software Engineering/user_service/target/surefire/surefirebooter3774964642700885847.jar"/>
    <property name="sun.management.compiler" value="HotSpot 64-Bit Tiered Compilers"/>
    <property name="ftp.nonProxyHosts" value="local|*.local|169.254/16|*.169.254/16"/>
    <property name="java.runtime.version" value="21.0.2+13-58"/>
    <property name="user.name" value="aramis"/>
    <property name="stdout.encoding" value="UTF-8"/>
    <property name="path.separator" value=":"/>
    <property name="os.version" value="14.4"/>
    <property name="java.runtime.name" value="OpenJDK Runtime Environment"/>
    <property name="file.encoding" value="UTF-8"/>
    <property name="java.vm.name" value="OpenJDK 64-Bit Server VM"/>
    <property name="localRepository" value="/Users/aramis/.m2/repository"/>
    <property name="java.vendor.url.bug" value="https://bugreport.java.com/bugreport/"/>
    <property name="java.io.tmpdir" value="/var/folders/63/7fm8qnkj3ys422zswry6r1nh0000gn/T/"/>
    <property name="java.version" value="21.0.2"/>
    <property name="user.dir" value="/Users/aramis/Documents/University/Advanced Software Engineering/user_service"/>
    <property name="os.arch" value="aarch64"/>
    <property name="java.vm.specification.name" value="Java Virtual Machine Specification"/>
    <property name="native.encoding" value="UTF-8"/>
    <property name="java.library.path" value="/Users/aramis/Library/Java/Extensions:/Library/Java/Extensions:/Network/Library/Java/Extensions:/System/Library/Java/Extensions:/usr/lib/java:."/>
    <property name="java.vm.info" value="mixed mode, sharing"/>
    <property name="stderr.encoding" value="UTF-8"/>
    <property name="java.vendor" value="Oracle Corporation"/>
    <property name="java.vm.version" value="21.0.2+13-58"/>
    <property name="sun.io.unicode.encoding" value="UnicodeBig"/>
    <property name="socksNonProxyHosts" value="local|*.local|169.254/16|*.169.254/16"/>
    <property name="java.class.version" value="65.0"/>
  </properties>
  <testcase name="testUserFailure" classname="com.ecomplish.user_service.service.UserServiceTest" time="0.033"/>
  <testcase name="testGetAccessTokenFailure" classname="com.ecomplish.user_service.service.UserServiceTest" time="0.011"/>
  <testcase name="testSignupURLFailure" classname="com.ecomplish.user_service.service.UserServiceTest" time="0.174"/>
  <testcase name="testLogoutURLSuccess" classname="com.ecomplish.user_service.service.UserServiceTest" time="0.106"/>
  <testcase name="testVerifyAccessTokenSuccess" classname="com.ecomplish.user_service.service.UserServiceTest" time="0.037"/>
  <testcase name="testUpdateUserSuccess" classname="com.ecomplish.user_service.service.UserServiceTest" time="0.027"/>
  <testcase name="testLogoutURLFailure" classname="com.ecomplish.user_service.service.UserServiceTest" time="0.002"/>
  <testcase name="testChangePasswordSuccess" classname="com.ecomplish.user_service.service.UserServiceTest" time="0.025"/>
  <testcase name="testLoginUrlSuccess" classname="com.ecomplish.user_service.service.UserServiceTest" time="0.003"/>
  <testcase name="testVerifyAccessTokenFailure" classname="com.ecomplish.user_service.service.UserServiceTest" time="0.002"/>
  <testcase name="testUpdateUserFailure" classname="com.ecomplish.user_service.service.UserServiceTest" time="0.001"/>
  <testcase name="testChangePasswordFailure" classname="com.ecomplish.user_service.service.UserServiceTest" time="0.001"/>
  <testcase name="testDeleteUserSuccess" classname="com.ecomplish.user_service.service.UserServiceTest" time="0.026"/>
  <testcase name="testDeleteUserFailure" classname="com.ecomplish.user_service.service.UserServiceTest" time="0.001"/>
  <testcase name="testUserIdSuccess" classname="com.ecomplish.user_service.service.UserServiceTest" time="0.003"/>
  <testcase name="testUserSuccess" classname="com.ecomplish.user_service.service.UserServiceTest" time="0.001"/>
  <testcase name="testSignupURLSuccess" classname="com.ecomplish.user_service.service.UserServiceTest" time="0.002"/>
  <testcase name="testUserIdFailure" classname="com.ecomplish.user_service.service.UserServiceTest" time="0.001"/>
  <testcase name="testLoginURLFailure" classname="com.ecomplish.user_service.service.UserServiceTest" time="0.002"/>
</testsuite>