<?xml version="1.0" encoding="UTF-8"?>
<testsuite xmlns:xsi="http://www.w3.org/2001/XMLSchema-instance" xsi:noNamespaceSchemaLocation="https://maven.apache.org/surefire/maven-surefire-plugin/xsd/surefire-test-report.xsd" name="com.ecomplish.user_service.controller.UserControllerUnitTest" time="0.732" tests="4" errors="2" skipped="0" failures="1">
  <properties>
    <property name="java.specification.version" value="21"/>
    <property name="sun.cpu.isalist" value="amd64"/>
    <property name="sun.jnu.encoding" value="Cp1252"/>
    <property name="java.class.path" value="C:\Users\Aramis\Documents\University\Advanced Software Engineering\user_service\target\test-classes;C:\Users\Aramis\Documents\University\Advanced Software Engineering\user_service\target\classes;C:\Users\Aramis\.m2\repository\org\springframework\boot\spring-boot-starter\2.5.8\spring-boot-starter-2.5.8.jar;C:\Users\Aramis\.m2\repository\org\springframework\boot\spring-boot\2.5.8\spring-boot-2.5.8.jar;C:\Users\Aramis\.m2\repository\org\springframework\spring-context\5.3.14\spring-context-5.3.14.jar;C:\Users\Aramis\.m2\repository\org\springframework\boot\spring-boot-autoconfigure\2.5.8\spring-boot-autoconfigure-2.5.8.jar;C:\Users\Aramis\.m2\repository\org\springframework\boot\spring-boot-starter-logging\2.5.8\spring-boot-starter-logging-2.5.8.jar;C:\Users\Aramis\.m2\repository\ch\qos\logback\logback-classic\1.2.9\logback-classic-1.2.9.jar;C:\Users\Aramis\.m2\repository\ch\qos\logback\logback-core\1.2.9\logback-core-1.2.9.jar;C:\Users\Aramis\.m2\repository\org\apache\logging\log4j\log4j-to-slf4j\2.17.0\log4j-to-slf4j-2.17.0.jar;C:\Users\Aramis\.m2\repository\org\apache\logging\log4j\log4j-api\2.17.0\log4j-api-2.17.0.jar;C:\Users\Aramis\.m2\repository\org\slf4j\jul-to-slf4j\1.7.32\jul-to-slf4j-1.7.32.jar;C:\Users\Aramis\.m2\repository\jakarta\annotation\jakarta.annotation-api\1.3.5\jakarta.annotation-api-1.3.5.jar;C:\Users\Aramis\.m2\repository\org\springframework\spring-core\5.3.14\spring-core-5.3.14.jar;C:\Users\Aramis\.m2\repository\org\springframework\spring-jcl\5.3.14\spring-jcl-5.3.14.jar;C:\Users\Aramis\.m2\repository\org\yaml\snakeyaml\1.28\snakeyaml-1.28.jar;C:\Users\Aramis\.m2\repository\org\springframework\boot\spring-boot-starter-test\2.5.8\spring-boot-starter-test-2.5.8.jar;C:\Users\Aramis\.m2\repository\org\springframework\boot\spring-boot-test\2.5.8\spring-boot-test-2.5.8.jar;C:\Users\Aramis\.m2\repository\org\springframework\boot\spring-boot-test-autoconfigure\2.5.8\spring-boot-test-autoconfigure-2.5.8.jar;C:\Users\Aramis\.m2\repository\com\jayway\jsonpath\json-path\2.5.0\json-path-2.5.0.jar;C:\Users\Aramis\.m2\repository\net\minidev\json-smart\2.4.7\json-smart-2.4.7.jar;C:\Users\Aramis\.m2\repository\net\minidev\accessors-smart\2.4.7\accessors-smart-2.4.7.jar;C:\Users\Aramis\.m2\repository\org\ow2\asm\asm\9.1\asm-9.1.jar;C:\Users\Aramis\.m2\repository\org\slf4j\slf4j-api\1.7.32\slf4j-api-1.7.32.jar;C:\Users\Aramis\.m2\repository\jakarta\xml\bind\jakarta.xml.bind-api\2.3.3\jakarta.xml.bind-api-2.3.3.jar;C:\Users\Aramis\.m2\repository\jakarta\activation\jakarta.activation-api\1.2.2\jakarta.activation-api-1.2.2.jar;C:\Users\Aramis\.m2\repository\org\assertj\assertj-core\3.19.0\assertj-core-3.19.0.jar;C:\Users\Aramis\.m2\repository\org\hamcrest\hamcrest\2.2\hamcrest-2.2.jar;C:\Users\Aramis\.m2\repository\org\junit\jupiter\junit-jupiter\5.7.2\junit-jupiter-5.7.2.jar;C:\Users\Aramis\.m2\repository\org\junit\jupiter\junit-jupiter-api\5.7.2\junit-jupiter-api-5.7.2.jar;C:\Users\Aramis\.m2\repository\org\apiguardian\apiguardian-api\1.1.0\apiguardian-api-1.1.0.jar;C:\Users\Aramis\.m2\repository\org\opentest4j\opentest4j\1.2.0\opentest4j-1.2.0.jar;C:\Users\Aramis\.m2\repository\org\junit\platform\junit-platform-commons\1.7.2\junit-platform-commons-1.7.2.jar;C:\Users\Aramis\.m2\repository\org\junit\jupiter\junit-jupiter-params\5.7.2\junit-jupiter-params-5.7.2.jar;C:\Users\Aramis\.m2\repository\org\junit\jupiter\junit-jupiter-engine\5.7.2\junit-jupiter-engine-5.7.2.jar;C:\Users\Aramis\.m2\repository\org\junit\platform\junit-platform-engine\1.7.2\junit-platform-engine-1.7.2.jar;C:\Users\Aramis\.m2\repository\org\mockito\mockito-junit-jupiter\3.9.0\mockito-junit-jupiter-3.9.0.jar;C:\Users\Aramis\.m2\repository\org\skyscreamer\jsonassert\1.5.0\jsonassert-1.5.0.jar;C:\Users\Aramis\.m2\repository\com\vaadin\external\google\android-json\0.0.20131108.vaadin1\android-json-0.0.20131108.vaadin1.jar;C:\Users\Aramis\.m2\repository\org\springframework\spring-test\5.3.14\spring-test-5.3.14.jar;C:\Users\Aramis\.m2\repository\org\xmlunit\xmlunit-core\2.8.4\xmlunit-core-2.8.4.jar;C:\Users\Aramis\.m2\repository\org\springframework\boot\spring-boot-starter-web\2.5.8\spring-boot-starter-web-2.5.8.jar;C:\Users\Aramis\.m2\repository\org\springframework\boot\spring-boot-starter-json\2.5.8\spring-boot-starter-json-2.5.8.jar;C:\Users\Aramis\.m2\repository\com\fasterxml\jackson\core\jackson-databind\2.12.6\jackson-databind-2.12.6.jar;C:\Users\Aramis\.m2\repository\com\fasterxml\jackson\core\jackson-annotations\2.12.6\jackson-annotations-2.12.6.jar;C:\Users\Aramis\.m2\repository\com\fasterxml\jackson\core\jackson-core\2.12.6\jackson-core-2.12.6.jar;C:\Users\Aramis\.m2\repository\com\fasterxml\jackson\datatype\jackson-datatype-jdk8\2.12.6\jackson-datatype-jdk8-2.12.6.jar;C:\Users\Aramis\.m2\repository\com\fasterxml\jackson\datatype\jackson-datatype-jsr310\2.12.6\jackson-datatype-jsr310-2.12.6.jar;C:\Users\Aramis\.m2\repository\com\fasterxml\jackson\module\jackson-module-parameter-names\2.12.6\jackson-module-parameter-names-2.12.6.jar;C:\Users\Aramis\.m2\repository\org\springframework\boot\spring-boot-starter-tomcat\2.5.8\spring-boot-starter-tomcat-2.5.8.jar;C:\Users\Aramis\.m2\repository\org\apache\tomcat\embed\tomcat-embed-core\9.0.56\tomcat-embed-core-9.0.56.jar;C:\Users\Aramis\.m2\repository\org\apache\tomcat\embed\tomcat-embed-el\9.0.56\tomcat-embed-el-9.0.56.jar;C:\Users\Aramis\.m2\repository\org\apache\tomcat\embed\tomcat-embed-websocket\9.0.56\tomcat-embed-websocket-9.0.56.jar;C:\Users\Aramis\.m2\repository\org\springframework\spring-web\5.3.14\spring-web-5.3.14.jar;C:\Users\Aramis\.m2\repository\org\springframework\spring-beans\5.3.14\spring-beans-5.3.14.jar;C:\Users\Aramis\.m2\repository\org\springframework\spring-webmvc\5.3.14\spring-webmvc-5.3.14.jar;C:\Users\Aramis\.m2\repository\org\springframework\spring-aop\5.3.14\spring-aop-5.3.14.jar;C:\Users\Aramis\.m2\repository\org\springframework\spring-expression\5.3.14\spring-expression-5.3.14.jar;C:\Users\Aramis\.m2\repository\org\projectlombok\lombok\1.18.30\lombok-1.18.30.jar;C:\Users\Aramis\.m2\repository\software\amazon\awssdk\cognitoidentity\2.21.20\cognitoidentity-2.21.20.jar;C:\Users\Aramis\.m2\repository\software\amazon\awssdk\aws-json-protocol\2.21.20\aws-json-protocol-2.21.20.jar;C:\Users\Aramis\.m2\repository\software\amazon\awssdk\third-party-jackson-core\2.21.20\third-party-jackson-core-2.21.20.jar;C:\Users\Aramis\.m2\repository\software\amazon\awssdk\protocol-core\2.21.20\protocol-core-2.21.20.jar;C:\Users\Aramis\.m2\repository\software\amazon\awssdk\http-auth-aws\2.21.20\http-auth-aws-2.21.20.jar;C:\Users\Aramis\.m2\repository\software\amazon\awssdk\checksums-spi\2.21.20\checksums-spi-2.21.20.jar;C:\Users\Aramis\.m2\repository\software\amazon\awssdk\checksums\2.21.20\checksums-2.21.20.jar;C:\Users\Aramis\.m2\repository\software\amazon\awssdk\sdk-core\2.21.20\sdk-core-2.21.20.jar;C:\Users\Aramis\.m2\repository\org\reactivestreams\reactive-streams\1.0.3\reactive-streams-1.0.3.jar;C:\Users\Aramis\.m2\repository\software\amazon\awssdk\auth\2.21.20\auth-2.21.20.jar;C:\Users\Aramis\.m2\repository\software\amazon\eventstream\eventstream\1.0.1\eventstream-1.0.1.jar;C:\Users\Aramis\.m2\repository\software\amazon\awssdk\http-auth-spi\2.21.20\http-auth-spi-2.21.20.jar;C:\Users\Aramis\.m2\repository\software\amazon\awssdk\http-auth\2.21.20\http-auth-2.21.20.jar;C:\Users\Aramis\.m2\repository\software\amazon\awssdk\identity-spi\2.21.20\identity-spi-2.21.20.jar;C:\Users\Aramis\.m2\repository\software\amazon\awssdk\http-client-spi\2.21.20\http-client-spi-2.21.20.jar;C:\Users\Aramis\.m2\repository\software\amazon\awssdk\regions\2.21.20\regions-2.21.20.jar;C:\Users\Aramis\.m2\repository\software\amazon\awssdk\annotations\2.21.20\annotations-2.21.20.jar;C:\Users\Aramis\.m2\repository\software\amazon\awssdk\utils\2.21.20\utils-2.21.20.jar;C:\Users\Aramis\.m2\repository\software\amazon\awssdk\aws-core\2.21.20\aws-core-2.21.20.jar;C:\Users\Aramis\.m2\repository\software\amazon\awssdk\metrics-spi\2.21.20\metrics-spi-2.21.20.jar;C:\Users\Aramis\.m2\repository\software\amazon\awssdk\json-utils\2.21.20\json-utils-2.21.20.jar;C:\Users\Aramis\.m2\repository\software\amazon\awssdk\endpoints-spi\2.21.20\endpoints-spi-2.21.20.jar;C:\Users\Aramis\.m2\repository\software\amazon\awssdk\profiles\2.21.20\profiles-2.21.20.jar;C:\Users\Aramis\.m2\repository\software\amazon\awssdk\apache-client\2.21.20\apache-client-2.21.20.jar;C:\Users\Aramis\.m2\repository\org\apache\httpcomponents\httpclient\4.5.13\httpclient-4.5.13.jar;C:\Users\Aramis\.m2\repository\org\apache\httpcomponents\httpcore\4.4.15\httpcore-4.4.15.jar;C:\Users\Aramis\.m2\repository\commons-codec\commons-codec\1.15\commons-codec-1.15.jar;C:\Users\Aramis\.m2\repository\software\amazon\awssdk\netty-nio-client\2.21.20\netty-nio-client-2.21.20.jar;C:\Users\Aramis\.m2\repository\io\netty\netty-codec-http\4.1.72.Final\netty-codec-http-4.1.72.Final.jar;C:\Users\Aramis\.m2\repository\io\netty\netty-codec-http2\4.1.72.Final\netty-codec-http2-4.1.72.Final.jar;C:\Users\Aramis\.m2\repository\io\netty\netty-codec\4.1.72.Final\netty-codec-4.1.72.Final.jar;C:\Users\Aramis\.m2\repository\io\netty\netty-transport\4.1.72.Final\netty-transport-4.1.72.Final.jar;C:\Users\Aramis\.m2\repository\io\netty\netty-common\4.1.72.Final\netty-common-4.1.72.Final.jar;C:\Users\Aramis\.m2\repository\io\netty\netty-buffer\4.1.72.Final\netty-buffer-4.1.72.Final.jar;C:\Users\Aramis\.m2\repository\io\netty\netty-handler\4.1.72.Final\netty-handler-4.1.72.Final.jar;C:\Users\Aramis\.m2\repository\io\netty\netty-tcnative-classes\2.0.46.Final\netty-tcnative-classes-2.0.46.Final.jar;C:\Users\Aramis\.m2\repository\io\netty\netty-transport-classes-epoll\4.1.72.Final\netty-transport-classes-epoll-4.1.72.Final.jar;C:\Users\Aramis\.m2\repository\io\netty\netty-transport-native-unix-common\4.1.72.Final\netty-transport-native-unix-common-4.1.72.Final.jar;C:\Users\Aramis\.m2\repository\io\netty\netty-resolver\4.1.72.Final\netty-resolver-4.1.72.Final.jar;C:\Users\Aramis\.m2\repository\software\amazon\awssdk\cognitoidentityprovider\2.21.20\cognitoidentityprovider-2.21.20.jar;C:\Users\Aramis\.m2\repository\org\springdoc\springdoc-openapi-starter-webmvc-ui\2.3.0\springdoc-openapi-starter-webmvc-ui-2.3.0.jar;C:\Users\Aramis\.m2\repository\org\springdoc\springdoc-openapi-starter-webmvc-api\2.3.0\springdoc-openapi-starter-webmvc-api-2.3.0.jar;C:\Users\Aramis\.m2\repository\org\springdoc\springdoc-openapi-starter-common\2.3.0\springdoc-openapi-starter-common-2.3.0.jar;C:\Users\Aramis\.m2\repository\io\swagger\core\v3\swagger-core-jakarta\2.2.19\swagger-core-jakarta-2.2.19.jar;C:\Users\Aramis\.m2\repository\org\apache\commons\commons-lang3\3.12.0\commons-lang3-3.12.0.jar;C:\Users\Aramis\.m2\repository\io\swagger\core\v3\swagger-annotations-jakarta\2.2.19\swagger-annotations-jakarta-2.2.19.jar;C:\Users\Aramis\.m2\repository\io\swagger\core\v3\swagger-models-jakarta\2.2.19\swagger-models-jakarta-2.2.19.jar;C:\Users\Aramis\.m2\repository\jakarta\validation\jakarta.validation-api\2.0.2\jakarta.validation-api-2.0.2.jar;C:\Users\Aramis\.m2\repository\com\fasterxml\jackson\dataformat\jackson-dataformat-yaml\2.12.6\jackson-dataformat-yaml-2.12.6.jar;C:\Users\Aramis\.m2\repository\org\webjars\swagger-ui\5.10.3\swagger-ui-5.10.3.jar;C:\Users\Aramis\.m2\repository\io\github\cdimascio\java-dotenv\5.2.2\java-dotenv-5.2.2.jar;C:\Users\Aramis\.m2\repository\org\jetbrains\kotlin\kotlin-stdlib\1.5.32\kotlin-stdlib-1.5.32.jar;C:\Users\Aramis\.m2\repository\org\jetbrains\annotations\13.0\annotations-13.0.jar;C:\Users\Aramis\.m2\repository\org\jetbrains\kotlin\kotlin-stdlib-common\1.5.32\kotlin-stdlib-common-1.5.32.jar;C:\Users\Aramis\.m2\repository\net\bytebuddy\byte-buddy\1.14.12\byte-buddy-1.14.12.jar;C:\Users\Aramis\.m2\repository\org\mockito\mockito-core\5.11.0\mockito-core-5.11.0.jar;C:\Users\Aramis\.m2\repository\net\bytebuddy\byte-buddy-agent\1.10.22\byte-buddy-agent-1.10.22.jar;C:\Users\Aramis\.m2\repository\org\objenesis\objenesis\3.3\objenesis-3.3.jar;"/>
    <property name="java.vm.vendor" value="Oracle Corporation"/>
    <property name="sun.arch.data.model" value="64"/>
    <property name="user.variant" value=""/>
    <property name="java.vendor.url" value="https://java.oracle.com/"/>
    <property name="user.timezone" value="Europe/Zurich"/>
    <property name="user.country.format" value="CH"/>
    <property name="os.name" value="Windows 11"/>
    <property name="java.vm.specification.version" value="21"/>
    <property name="sun.java.launcher" value="SUN_STANDARD"/>
    <property name="user.country" value="GB"/>
    <property name="sun.boot.library.path" value="C:\Program Files\Java\jdk-21\bin"/>
    <property name="sun.java.command" value="C:\Users\Aramis\AppData\Local\Temp\surefire14563222537733386406\surefirebooter5371124708487229593.jar C:\Users\Aramis\AppData\Local\Temp\surefire14563222537733386406 2024-03-15T12-36-49_729-jvmRun1 surefire2314959943237928203tmp surefire_010540683580954597243tmp"/>
    <property name="jdk.debug" value="release"/>
    <property name="surefire.test.class.path" value="C:\Users\Aramis\Documents\University\Advanced Software Engineering\user_service\target\test-classes;C:\Users\Aramis\Documents\University\Advanced Software Engineering\user_service\target\classes;C:\Users\Aramis\.m2\repository\org\springframework\boot\spring-boot-starter\2.5.8\spring-boot-starter-2.5.8.jar;C:\Users\Aramis\.m2\repository\org\springframework\boot\spring-boot\2.5.8\spring-boot-2.5.8.jar;C:\Users\Aramis\.m2\repository\org\springframework\spring-context\5.3.14\spring-context-5.3.14.jar;C:\Users\Aramis\.m2\repository\org\springframework\boot\spring-boot-autoconfigure\2.5.8\spring-boot-autoconfigure-2.5.8.jar;C:\Users\Aramis\.m2\repository\org\springframework\boot\spring-boot-starter-logging\2.5.8\spring-boot-starter-logging-2.5.8.jar;C:\Users\Aramis\.m2\repository\ch\qos\logback\logback-classic\1.2.9\logback-classic-1.2.9.jar;C:\Users\Aramis\.m2\repository\ch\qos\logback\logback-core\1.2.9\logback-core-1.2.9.jar;C:\Users\Aramis\.m2\repository\org\apache\logging\log4j\log4j-to-slf4j\2.17.0\log4j-to-slf4j-2.17.0.jar;C:\Users\Aramis\.m2\repository\org\apache\logging\log4j\log4j-api\2.17.0\log4j-api-2.17.0.jar;C:\Users\Aramis\.m2\repository\org\slf4j\jul-to-slf4j\1.7.32\jul-to-slf4j-1.7.32.jar;C:\Users\Aramis\.m2\repository\jakarta\annotation\jakarta.annotation-api\1.3.5\jakarta.annotation-api-1.3.5.jar;C:\Users\Aramis\.m2\repository\org\springframework\spring-core\5.3.14\spring-core-5.3.14.jar;C:\Users\Aramis\.m2\repository\org\springframework\spring-jcl\5.3.14\spring-jcl-5.3.14.jar;C:\Users\Aramis\.m2\repository\org\yaml\snakeyaml\1.28\snakeyaml-1.28.jar;C:\Users\Aramis\.m2\repository\org\springframework\boot\spring-boot-starter-test\2.5.8\spring-boot-starter-test-2.5.8.jar;C:\Users\Aramis\.m2\repository\org\springframework\boot\spring-boot-test\2.5.8\spring-boot-test-2.5.8.jar;C:\Users\Aramis\.m2\repository\org\springframework\boot\spring-boot-test-autoconfigure\2.5.8\spring-boot-test-autoconfigure-2.5.8.jar;C:\Users\Aramis\.m2\repository\com\jayway\jsonpath\json-path\2.5.0\json-path-2.5.0.jar;C:\Users\Aramis\.m2\repository\net\minidev\json-smart\2.4.7\json-smart-2.4.7.jar;C:\Users\Aramis\.m2\repository\net\minidev\accessors-smart\2.4.7\accessors-smart-2.4.7.jar;C:\Users\Aramis\.m2\repository\org\ow2\asm\asm\9.1\asm-9.1.jar;C:\Users\Aramis\.m2\repository\org\slf4j\slf4j-api\1.7.32\slf4j-api-1.7.32.jar;C:\Users\Aramis\.m2\repository\jakarta\xml\bind\jakarta.xml.bind-api\2.3.3\jakarta.xml.bind-api-2.3.3.jar;C:\Users\Aramis\.m2\repository\jakarta\activation\jakarta.activation-api\1.2.2\jakarta.activation-api-1.2.2.jar;C:\Users\Aramis\.m2\repository\org\assertj\assertj-core\3.19.0\assertj-core-3.19.0.jar;C:\Users\Aramis\.m2\repository\org\hamcrest\hamcrest\2.2\hamcrest-2.2.jar;C:\Users\Aramis\.m2\repository\org\junit\jupiter\junit-jupiter\5.7.2\junit-jupiter-5.7.2.jar;C:\Users\Aramis\.m2\repository\org\junit\jupiter\junit-jupiter-api\5.7.2\junit-jupiter-api-5.7.2.jar;C:\Users\Aramis\.m2\repository\org\apiguardian\apiguardian-api\1.1.0\apiguardian-api-1.1.0.jar;C:\Users\Aramis\.m2\repository\org\opentest4j\opentest4j\1.2.0\opentest4j-1.2.0.jar;C:\Users\Aramis\.m2\repository\org\junit\platform\junit-platform-commons\1.7.2\junit-platform-commons-1.7.2.jar;C:\Users\Aramis\.m2\repository\org\junit\jupiter\junit-jupiter-params\5.7.2\junit-jupiter-params-5.7.2.jar;C:\Users\Aramis\.m2\repository\org\junit\jupiter\junit-jupiter-engine\5.7.2\junit-jupiter-engine-5.7.2.jar;C:\Users\Aramis\.m2\repository\org\junit\platform\junit-platform-engine\1.7.2\junit-platform-engine-1.7.2.jar;C:\Users\Aramis\.m2\repository\org\mockito\mockito-junit-jupiter\3.9.0\mockito-junit-jupiter-3.9.0.jar;C:\Users\Aramis\.m2\repository\org\skyscreamer\jsonassert\1.5.0\jsonassert-1.5.0.jar;C:\Users\Aramis\.m2\repository\com\vaadin\external\google\android-json\0.0.20131108.vaadin1\android-json-0.0.20131108.vaadin1.jar;C:\Users\Aramis\.m2\repository\org\springframework\spring-test\5.3.14\spring-test-5.3.14.jar;C:\Users\Aramis\.m2\repository\org\xmlunit\xmlunit-core\2.8.4\xmlunit-core-2.8.4.jar;C:\Users\Aramis\.m2\repository\org\springframework\boot\spring-boot-starter-web\2.5.8\spring-boot-starter-web-2.5.8.jar;C:\Users\Aramis\.m2\repository\org\springframework\boot\spring-boot-starter-json\2.5.8\spring-boot-starter-json-2.5.8.jar;C:\Users\Aramis\.m2\repository\com\fasterxml\jackson\core\jackson-databind\2.12.6\jackson-databind-2.12.6.jar;C:\Users\Aramis\.m2\repository\com\fasterxml\jackson\core\jackson-annotations\2.12.6\jackson-annotations-2.12.6.jar;C:\Users\Aramis\.m2\repository\com\fasterxml\jackson\core\jackson-core\2.12.6\jackson-core-2.12.6.jar;C:\Users\Aramis\.m2\repository\com\fasterxml\jackson\datatype\jackson-datatype-jdk8\2.12.6\jackson-datatype-jdk8-2.12.6.jar;C:\Users\Aramis\.m2\repository\com\fasterxml\jackson\datatype\jackson-datatype-jsr310\2.12.6\jackson-datatype-jsr310-2.12.6.jar;C:\Users\Aramis\.m2\repository\com\fasterxml\jackson\module\jackson-module-parameter-names\2.12.6\jackson-module-parameter-names-2.12.6.jar;C:\Users\Aramis\.m2\repository\org\springframework\boot\spring-boot-starter-tomcat\2.5.8\spring-boot-starter-tomcat-2.5.8.jar;C:\Users\Aramis\.m2\repository\org\apache\tomcat\embed\tomcat-embed-core\9.0.56\tomcat-embed-core-9.0.56.jar;C:\Users\Aramis\.m2\repository\org\apache\tomcat\embed\tomcat-embed-el\9.0.56\tomcat-embed-el-9.0.56.jar;C:\Users\Aramis\.m2\repository\org\apache\tomcat\embed\tomcat-embed-websocket\9.0.56\tomcat-embed-websocket-9.0.56.jar;C:\Users\Aramis\.m2\repository\org\springframework\spring-web\5.3.14\spring-web-5.3.14.jar;C:\Users\Aramis\.m2\repository\org\springframework\spring-beans\5.3.14\spring-beans-5.3.14.jar;C:\Users\Aramis\.m2\repository\org\springframework\spring-webmvc\5.3.14\spring-webmvc-5.3.14.jar;C:\Users\Aramis\.m2\repository\org\springframework\spring-aop\5.3.14\spring-aop-5.3.14.jar;C:\Users\Aramis\.m2\repository\org\springframework\spring-expression\5.3.14\spring-expression-5.3.14.jar;C:\Users\Aramis\.m2\repository\org\projectlombok\lombok\1.18.30\lombok-1.18.30.jar;C:\Users\Aramis\.m2\repository\software\amazon\awssdk\cognitoidentity\2.21.20\cognitoidentity-2.21.20.jar;C:\Users\Aramis\.m2\repository\software\amazon\awssdk\aws-json-protocol\2.21.20\aws-json-protocol-2.21.20.jar;C:\Users\Aramis\.m2\repository\software\amazon\awssdk\third-party-jackson-core\2.21.20\third-party-jackson-core-2.21.20.jar;C:\Users\Aramis\.m2\repository\software\amazon\awssdk\protocol-core\2.21.20\protocol-core-2.21.20.jar;C:\Users\Aramis\.m2\repository\software\amazon\awssdk\http-auth-aws\2.21.20\http-auth-aws-2.21.20.jar;C:\Users\Aramis\.m2\repository\software\amazon\awssdk\checksums-spi\2.21.20\checksums-spi-2.21.20.jar;C:\Users\Aramis\.m2\repository\software\amazon\awssdk\checksums\2.21.20\checksums-2.21.20.jar;C:\Users\Aramis\.m2\repository\software\amazon\awssdk\sdk-core\2.21.20\sdk-core-2.21.20.jar;C:\Users\Aramis\.m2\repository\org\reactivestreams\reactive-streams\1.0.3\reactive-streams-1.0.3.jar;C:\Users\Aramis\.m2\repository\software\amazon\awssdk\auth\2.21.20\auth-2.21.20.jar;C:\Users\Aramis\.m2\repository\software\amazon\eventstream\eventstream\1.0.1\eventstream-1.0.1.jar;C:\Users\Aramis\.m2\repository\software\amazon\awssdk\http-auth-spi\2.21.20\http-auth-spi-2.21.20.jar;C:\Users\Aramis\.m2\repository\software\amazon\awssdk\http-auth\2.21.20\http-auth-2.21.20.jar;C:\Users\Aramis\.m2\repository\software\amazon\awssdk\identity-spi\2.21.20\identity-spi-2.21.20.jar;C:\Users\Aramis\.m2\repository\software\amazon\awssdk\http-client-spi\2.21.20\http-client-spi-2.21.20.jar;C:\Users\Aramis\.m2\repository\software\amazon\awssdk\regions\2.21.20\regions-2.21.20.jar;C:\Users\Aramis\.m2\repository\software\amazon\awssdk\annotations\2.21.20\annotations-2.21.20.jar;C:\Users\Aramis\.m2\repository\software\amazon\awssdk\utils\2.21.20\utils-2.21.20.jar;C:\Users\Aramis\.m2\repository\software\amazon\awssdk\aws-core\2.21.20\aws-core-2.21.20.jar;C:\Users\Aramis\.m2\repository\software\amazon\awssdk\metrics-spi\2.21.20\metrics-spi-2.21.20.jar;C:\Users\Aramis\.m2\repository\software\amazon\awssdk\json-utils\2.21.20\json-utils-2.21.20.jar;C:\Users\Aramis\.m2\repository\software\amazon\awssdk\endpoints-spi\2.21.20\endpoints-spi-2.21.20.jar;C:\Users\Aramis\.m2\repository\software\amazon\awssdk\profiles\2.21.20\profiles-2.21.20.jar;C:\Users\Aramis\.m2\repository\software\amazon\awssdk\apache-client\2.21.20\apache-client-2.21.20.jar;C:\Users\Aramis\.m2\repository\org\apache\httpcomponents\httpclient\4.5.13\httpclient-4.5.13.jar;C:\Users\Aramis\.m2\repository\org\apache\httpcomponents\httpcore\4.4.15\httpcore-4.4.15.jar;C:\Users\Aramis\.m2\repository\commons-codec\commons-codec\1.15\commons-codec-1.15.jar;C:\Users\Aramis\.m2\repository\software\amazon\awssdk\netty-nio-client\2.21.20\netty-nio-client-2.21.20.jar;C:\Users\Aramis\.m2\repository\io\netty\netty-codec-http\4.1.72.Final\netty-codec-http-4.1.72.Final.jar;C:\Users\Aramis\.m2\repository\io\netty\netty-codec-http2\4.1.72.Final\netty-codec-http2-4.1.72.Final.jar;C:\Users\Aramis\.m2\repository\io\netty\netty-codec\4.1.72.Final\netty-codec-4.1.72.Final.jar;C:\Users\Aramis\.m2\repository\io\netty\netty-transport\4.1.72.Final\netty-transport-4.1.72.Final.jar;C:\Users\Aramis\.m2\repository\io\netty\netty-common\4.1.72.Final\netty-common-4.1.72.Final.jar;C:\Users\Aramis\.m2\repository\io\netty\netty-buffer\4.1.72.Final\netty-buffer-4.1.72.Final.jar;C:\Users\Aramis\.m2\repository\io\netty\netty-handler\4.1.72.Final\netty-handler-4.1.72.Final.jar;C:\Users\Aramis\.m2\repository\io\netty\netty-tcnative-classes\2.0.46.Final\netty-tcnative-classes-2.0.46.Final.jar;C:\Users\Aramis\.m2\repository\io\netty\netty-transport-classes-epoll\4.1.72.Final\netty-transport-classes-epoll-4.1.72.Final.jar;C:\Users\Aramis\.m2\repository\io\netty\netty-transport-native-unix-common\4.1.72.Final\netty-transport-native-unix-common-4.1.72.Final.jar;C:\Users\Aramis\.m2\repository\io\netty\netty-resolver\4.1.72.Final\netty-resolver-4.1.72.Final.jar;C:\Users\Aramis\.m2\repository\software\amazon\awssdk\cognitoidentityprovider\2.21.20\cognitoidentityprovider-2.21.20.jar;C:\Users\Aramis\.m2\repository\org\springdoc\springdoc-openapi-starter-webmvc-ui\2.3.0\springdoc-openapi-starter-webmvc-ui-2.3.0.jar;C:\Users\Aramis\.m2\repository\org\springdoc\springdoc-openapi-starter-webmvc-api\2.3.0\springdoc-openapi-starter-webmvc-api-2.3.0.jar;C:\Users\Aramis\.m2\repository\org\springdoc\springdoc-openapi-starter-common\2.3.0\springdoc-openapi-starter-common-2.3.0.jar;C:\Users\Aramis\.m2\repository\io\swagger\core\v3\swagger-core-jakarta\2.2.19\swagger-core-jakarta-2.2.19.jar;C:\Users\Aramis\.m2\repository\org\apache\commons\commons-lang3\3.12.0\commons-lang3-3.12.0.jar;C:\Users\Aramis\.m2\repository\io\swagger\core\v3\swagger-annotations-jakarta\2.2.19\swagger-annotations-jakarta-2.2.19.jar;C:\Users\Aramis\.m2\repository\io\swagger\core\v3\swagger-models-jakarta\2.2.19\swagger-models-jakarta-2.2.19.jar;C:\Users\Aramis\.m2\repository\jakarta\validation\jakarta.validation-api\2.0.2\jakarta.validation-api-2.0.2.jar;C:\Users\Aramis\.m2\repository\com\fasterxml\jackson\dataformat\jackson-dataformat-yaml\2.12.6\jackson-dataformat-yaml-2.12.6.jar;C:\Users\Aramis\.m2\repository\org\webjars\swagger-ui\5.10.3\swagger-ui-5.10.3.jar;C:\Users\Aramis\.m2\repository\io\github\cdimascio\java-dotenv\5.2.2\java-dotenv-5.2.2.jar;C:\Users\Aramis\.m2\repository\org\jetbrains\kotlin\kotlin-stdlib\1.5.32\kotlin-stdlib-1.5.32.jar;C:\Users\Aramis\.m2\repository\org\jetbrains\annotations\13.0\annotations-13.0.jar;C:\Users\Aramis\.m2\repository\org\jetbrains\kotlin\kotlin-stdlib-common\1.5.32\kotlin-stdlib-common-1.5.32.jar;C:\Users\Aramis\.m2\repository\net\bytebuddy\byte-buddy\1.14.12\byte-buddy-1.14.12.jar;C:\Users\Aramis\.m2\repository\org\mockito\mockito-core\5.11.0\mockito-core-5.11.0.jar;C:\Users\Aramis\.m2\repository\net\bytebuddy\byte-buddy-agent\1.10.22\byte-buddy-agent-1.10.22.jar;C:\Users\Aramis\.m2\repository\org\objenesis\objenesis\3.3\objenesis-3.3.jar;"/>
    <property name="sun.cpu.endian" value="little"/>
    <property name="user.home" value="C:\Users\Aramis"/>
    <property name="user.language" value="en"/>
    <property name="java.specification.vendor" value="Oracle Corporation"/>
    <property name="java.version.date" value="2023-10-17"/>
    <property name="java.home" value="C:\Program Files\Java\jdk-21"/>
    <property name="file.separator" value="\"/>
    <property name="basedir" value="C:\Users\Aramis\Documents\University\Advanced Software Engineering\user_service"/>
    <property name="java.vm.compressedOopsMode" value="Zero based"/>
    <property name="line.separator" value="&#10;"/>
    <property name="java.vm.specification.vendor" value="Oracle Corporation"/>
    <property name="java.specification.name" value="Java Platform API Specification"/>
    <property name="surefire.real.class.path" value="C:\Users\Aramis\AppData\Local\Temp\surefire14563222537733386406\surefirebooter5371124708487229593.jar"/>
    <property name="user.script" value=""/>
    <property name="sun.management.compiler" value="HotSpot 64-Bit Tiered Compilers"/>
    <property name="java.runtime.version" value="21.0.1+12-LTS-29"/>
    <property name="user.name" value="Aramis"/>
    <property name="stdout.encoding" value="Cp1252"/>
    <property name="path.separator" value=";"/>
    <property name="os.version" value="10.0"/>
    <property name="java.runtime.name" value="Java(TM) SE Runtime Environment"/>
    <property name="file.encoding" value="UTF-8"/>
    <property name="java.vm.name" value="Java HotSpot(TM) 64-Bit Server VM"/>
    <property name="localRepository" value="C:\Users\Aramis\.m2\repository"/>
    <property name="java.vendor.url.bug" value="https://bugreport.java.com/bugreport/"/>
    <property name="java.io.tmpdir" value="C:\Users\Aramis\AppData\Local\Temp\"/>
    <property name="java.version" value="21.0.1"/>
    <property name="user.dir" value="C:\Users\Aramis\Documents\University\Advanced Software Engineering\user_service"/>
    <property name="os.arch" value="amd64"/>
    <property name="java.vm.specification.name" value="Java Virtual Machine Specification"/>
    <property name="sun.os.patch.level" value=""/>
    <property name="native.encoding" value="Cp1252"/>
    <property name="java.library.path" value="C:\Program Files\Java\jdk-21\bin;C:\Windows\Sun\Java\bin;C:\Windows\system32;C:\Windows;C:\Python312\Scripts\;C:\Python312\;C:\Program Files\Common Files\Oracle\Java\javapath;C:\Program Files\NVIDIA GPU Computing Toolkit\CUDA\v12.1\bin;C:\Program Files\NVIDIA GPU Computing Toolkit\CUDA\v12.1\libnvvp;C:\Program Files\Python312\Scripts\;C:\Program Files\Python312\;C:\Program Files\Microsoft\jdk-11.0.16.101-hotspot\bin;c:\program files (x86)\razer chroma sdk\bin;c:\program files\razer chroma sdk\bin;c:\program files (x86)\razer\chromabroadcast\bin;c:\program files\razer\chromabroadcast\bin;c:\windows\system32;c:\windows;c:\windows\system32\wbem;c:\windows\system32\windowspowershell\v1.0\;c:\windows\system32\openssh\;c:\program files\process lasso\;c:\windows\system32\config\systemprofile\appdata\local\microsoft\windowsapps;c:\windows\system32;c:\windows;c:\windows\system32\wbem;c:\windows\system32\windowspowershell\v1.0\;c:\windows\system32\openssh\;c:\programdata\chocolatey\bin;c:\program files\microsoft sql server\150\tools\binn\;c:\program files\microsoft sql server\client sdk\odbc\170\tools\binn\;c:\program files\dotnet\;C:\PHP-8.1.4;C:\ProgramData\ComposerSetup\bin;C:\Program Files\Docker\Docker\resources\bin;C:\Program Files\NVIDIA Corporation\Nsight Compute 2023.1.0\;C:\Program Files (x86)\NVIDIA Corporation\PhysX\Common;C:\Program Files\CMake\bin;C:\Program Files\NVIDIA Corporation\NVIDIA NvDLISR;C:\Program Files\Git\cmd;C:\Program Files\nodejs\;C:\Program Files\Amazon\AWSCLIV2\;C:\Users\Aramis\AppData\Local\Programs\Python\Python39\Scripts\;C:\Users\Aramis\AppData\Local\Programs\Python\Python39\;C:\Users\Aramis\AppData\Local\Microsoft\WindowsApps;C:\Users\Aramis\AppData\Local\Programs\Microsoft VS Code\bin;C:\Tools\flutter\bin\cache\dart-sdk\bin;C:\Users\Aramis\AppData\Roaming\Pub\Cache\bin;C:\Tools\flutter\bin;C:\Users\Aramis\.dotnet\tools;C:\Users\Aramis\AppData\Local\Pub\Cache\bin;C:\Program Files (x86)\ffmpeg\bin;C:\Program Files\Kubernetes\Minikube;C:\Users\Aramis\AppData\Roaming\Composer\vendor\bin;C:\PHP-8.1.4;C:\Program Files\JetBrains\IntelliJ IDEA Community Edition 2023.1\bin;;C:\Gradle\gradle-8.5\bin;C:\Kotlin\kotlinc\bin;C:\Poppler\Library\bin;C:\Program Files\Tesseract-OCR;C:\Tools\firebase\firebase-tools-instant-win.exe;C:\Tools\kotlinc\bin;C:\Users\Aramis\AppData\Roaming\npm;C:\Tools\apache-maven-3.9.6\bin;;."/>
    <property name="java.vm.info" value="mixed mode, sharing"/>
    <property name="stderr.encoding" value="Cp1252"/>
    <property name="java.vendor" value="Oracle Corporation"/>
    <property name="java.vm.version" value="21.0.1+12-LTS-29"/>
    <property name="sun.io.unicode.encoding" value="UnicodeLittle"/>
    <property name="java.class.version" value="65.0"/>
  </properties>
  <testcase name="testUpdateUser" classname="com.ecomplish.user_service.controller.UserControllerUnitTest" time="0.603">
    <failure message="&#10;Wanted but not invoked:&#10;cognitoClient.adminUpdateUserAttributes(&#10;    &lt;Capturing argument: AdminUpdateUserAttributesRequest&gt;&#10;);&#10;-&gt; at software.amazon.awssdk.services.cognitoidentityprovider.CognitoIdentityProviderClient.adminUpdateUserAttributes(CognitoIdentityProviderClient.java:4886)&#10;Actually, there were zero interactions with this mock.&#10;" type="org.mockito.exceptions.verification.WantedButNotInvoked"><![CDATA[org.mockito.exceptions.verification.WantedButNotInvoked: 

Wanted but not invoked:
cognitoClient.adminUpdateUserAttributes(
    <Capturing argument: AdminUpdateUserAttributesRequest>
);
-> at software.amazon.awssdk.services.cognitoidentityprovider.CognitoIdentityProviderClient.adminUpdateUserAttributes(CognitoIdentityProviderClient.java:4886)
Actually, there were zero interactions with this mock.

	at com.ecomplish.user_service.controller.UserControllerUnitTest.testUpdateUser(UserControllerUnitTest.java:53)
]]></failure>
    <system-out><![CDATA[2024-03-15 12:36:56.922  INFO 25300 --- [           main] c.e.u.controller.UserController          : UserPoolId must not be null
]]></system-out>
  </testcase>
  <testcase name="testChangePassword" classname="com.ecomplish.user_service.controller.UserControllerUnitTest" time="0.072">
    <error message="&#10;Only void methods can doNothing()!&#10;Example of correct use of doNothing():&#10;    doNothing().&#10;    doThrow(new RuntimeException())&#10;    .when(mock).someVoidMethod();&#10;Above means:&#10;someVoidMethod() does nothing the 1st time but throws an exception the 2nd time is called" type="org.mockito.exceptions.base.MockitoException">org.mockito.exceptions.base.MockitoException: 

Only void methods can doNothing()!
Example of correct use of doNothing():
    doNothing().
    doThrow(new RuntimeException())
    .when(mock).someVoidMethod();
Above means:
someVoidMethod() does nothing the 1st time but throws an exception the 2nd time is called
	at com.ecomplish.user_service.controller.UserControllerUnitTest.testChangePassword(UserControllerUnitTest.java:78)
</error>
  </testcase>
  <testcase name="testConfirmUser" classname="com.ecomplish.user_service.controller.UserControllerUnitTest" time="0.012">
    <error message="Cannot invoke &quot;org.springframework.http.ResponseEntity.getStatusCode()&quot; because &quot;responseEntity&quot; is null" type="java.lang.NullPointerException">java.lang.NullPointerException: Cannot invoke "org.springframework.http.ResponseEntity.getStatusCode()" because "responseEntity" is null
	at com.ecomplish.user_service.controller.UserControllerUnitTest.testConfirmUser(UserControllerUnitTest.java:103)
</error>
  </testcase>
  <testcase name="testGetAccessToken" classname="com.ecomplish.user_service.controller.UserControllerUnitTest" time="0.043"/>
</testsuite>